<?xml version="1.0" encoding="UTF-8"?>
<testsuite xmlns:xsi="http://www.w3.org/2001/XMLSchema-instance" xsi:noNamespaceSchemaLocation="https://maven.apache.org/surefire/maven-surefire-plugin/xsd/surefire-test-report-3.0.xsd" version="3.0" name="com.synapse.core.ParallelExecutionTest" time="0.045" tests="1" errors="0" skipped="0" failures="0">
  <properties>
[...]
</properties>
  <testcase name="testForkExecution" classname="com.synapse.core.ParallelExecutionTest" time="0.044">
    <system-err><![CDATA[[main] INFO com.synapse.core.runtime.SynapseEngine - 开始异步执行图: parallel_test
[ForkJoinPool.commonPool-worker-2] INFO com.synapse.core.runtime.SynapseEngine - 节点 start_node 触发并行分支: [branchA, branchB]
[ForkJoinPool.commonPool-worker-1] INFO com.synapse.core.runtime.SynapseEngine - 图执行已完成。
]]></system-err>
  </testcase>
</testsuite>